0 info it worked if it ends with ok
1 verbose cli [ '/usr/bin/nodejs', '/usr/bin/npm', 'install' ]
2 info using npm@1.3.10
3 info using node@v0.10.25
4 verbose readDependencies using package.json deps
5 verbose install where, deps [ '/home/cabox/workspace/webapp',
5 verbose install   [ 'grunt',
5 verbose install     'grunt-angular-file-loader',
5 verbose install     'grunt-angular-templates',
5 verbose install     'grunt-autoprefixer',
5 verbose install     'grunt-concurrent',
5 verbose install     'grunt-connect-proxy',
5 verbose install     'grunt-contrib-clean',
5 verbose install     'grunt-contrib-compass',
5 verbose install     'grunt-contrib-concat',
5 verbose install     'grunt-contrib-connect',
5 verbose install     'grunt-contrib-copy',
5 verbose install     'grunt-contrib-cssmin',
5 verbose install     'grunt-contrib-htmlmin',
5 verbose install     'grunt-contrib-imagemin',
5 verbose install     'grunt-contrib-jshint',
5 verbose install     'grunt-contrib-uglify',
5 verbose install     'grunt-contrib-watch',
5 verbose install     'grunt-filerev',
5 verbose install     'grunt-google-cdn',
5 verbose install     'grunt-newer',
5 verbose install     'grunt-ng-annotate',
5 verbose install     'grunt-svgmin',
5 verbose install     'grunt-usemin',
5 verbose install     'grunt-wiredep',
5 verbose install     'jit-grunt',
5 verbose install     'jshint-stylish',
5 verbose install     'time-grunt' ] ]
6 info preinstall webapp@
7 verbose readDependencies using package.json deps
8 verbose cache add [ 'grunt@^0.4.5', null ]
9 verbose cache add name=undefined spec="grunt@^0.4.5" args=["grunt@^0.4.5",null]
10 verbose parsed url { protocol: null,
10 verbose parsed url   slashes: null,
10 verbose parsed url   auth: null,
10 verbose parsed url   host: null,
10 verbose parsed url   port: null,
10 verbose parsed url   hostname: null,
10 verbose parsed url   hash: null,
10 verbose parsed url   search: null,
10 verbose parsed url   query: null,
10 verbose parsed url   pathname: 'grunt@^0.4.5',
10 verbose parsed url   path: 'grunt@^0.4.5',
10 verbose parsed url   href: 'grunt@^0.4.5' }
11 verbose cache add name="grunt" spec="^0.4.5" args=["grunt","^0.4.5"]
12 verbose parsed url { protocol: null,
12 verbose parsed url   slashes: null,
12 verbose parsed url   auth: null,
12 verbose parsed url   host: null,
12 verbose parsed url   port: null,
12 verbose parsed url   hostname: null,
12 verbose parsed url   hash: null,
12 verbose parsed url   search: null,
12 verbose parsed url   query: null,
12 verbose parsed url   pathname: '^0.4.5',
12 verbose parsed url   path: '^0.4.5',
12 verbose parsed url   href: '^0.4.5' }
13 verbose addNamed [ 'grunt', '^0.4.5' ]
14 verbose addNamed [ null, '>=0.4.5-0 <0.5.0-0' ]
15 verbose cache add [ 'grunt-angular-file-loader@^1.1.5', null ]
16 verbose cache add name=undefined spec="grunt-angular-file-loader@^1.1.5" args=["grunt-angular-file-loader@^1.1.5",null]
17 verbose parsed url { protocol: null,
17 verbose parsed url   slashes: null,
17 verbose parsed url   auth: null,
17 verbose parsed url   host: null,
17 verbose parsed url   port: null,
17 verbose parsed url   hostname: null,
17 verbose parsed url   hash: null,
17 verbose parsed url   search: null,
17 verbose parsed url   query: null,
17 verbose parsed url   pathname: 'grunt-angular-file-loader@^1.1.5',
17 verbose parsed url   path: 'grunt-angular-file-loader@^1.1.5',
17 verbose parsed url   href: 'grunt-angular-file-loader@^1.1.5' }
18 verbose cache add name="grunt-angular-file-loader" spec="^1.1.5" args=["grunt-angular-file-loader","^1.1.5"]
19 verbose parsed url { protocol: null,
19 verbose parsed url   slashes: null,
19 verbose parsed url   auth: null,
19 verbose parsed url   host: null,
19 verbose parsed url   port: null,
19 verbose parsed url   hostname: null,
19 verbose parsed url   hash: null,
19 verbose parsed url   search: null,
19 verbose parsed url   query: null,
19 verbose parsed url   pathname: '^1.1.5',
19 verbose parsed url   path: '^1.1.5',
19 verbose parsed url   href: '^1.1.5' }
20 verbose addNamed [ 'grunt-angular-file-loader', '^1.1.5' ]
21 verbose addNamed [ null, '>=1.1.5-0 <2.0.0-0' ]
22 silly lockFile 73541f84-grunt-0-4-5 grunt@^0.4.5
23 verbose lock grunt@^0.4.5 /home/cabox/.npm/73541f84-grunt-0-4-5.lock
24 silly lockFile c9098abd-grunt-angular-file-loader-1-1-5 grunt-angular-file-loader@^1.1.5
25 verbose lock grunt-angular-file-loader@^1.1.5 /home/cabox/.npm/c9098abd-grunt-angular-file-loader-1-1-5.lock
26 verbose cache add [ 'grunt-autoprefixer@^2.0.0', null ]
27 verbose cache add name=undefined spec="grunt-autoprefixer@^2.0.0" args=["grunt-autoprefixer@^2.0.0",null]
28 verbose parsed url { protocol: null,
28 verbose parsed url   slashes: null,
28 verbose parsed url   auth: null,
28 verbose parsed url   host: null,
28 verbose parsed url   port: null,
28 verbose parsed url   hostname: null,
28 verbose parsed url   hash: null,
28 verbose parsed url   search: null,
28 verbose parsed url   query: null,
28 verbose parsed url   pathname: 'grunt-autoprefixer@^2.0.0',
28 verbose parsed url   path: 'grunt-autoprefixer@^2.0.0',
28 verbose parsed url   href: 'grunt-autoprefixer@^2.0.0' }
29 verbose cache add name="grunt-autoprefixer" spec="^2.0.0" args=["grunt-autoprefixer","^2.0.0"]
30 verbose parsed url { protocol: null,
30 verbose parsed url   slashes: null,
30 verbose parsed url   auth: null,
30 verbose parsed url   host: null,
30 verbose parsed url   port: null,
30 verbose parsed url   hostname: null,
30 verbose parsed url   hash: null,
30 verbose parsed url   search: null,
30 verbose parsed url   query: null,
30 verbose parsed url   pathname: '^2.0.0',
30 verbose parsed url   path: '^2.0.0',
30 verbose parsed url   href: '^2.0.0' }
31 verbose addNamed [ 'grunt-autoprefixer', '^2.0.0' ]
32 verbose addNamed [ null, '>=2.0.0-0 <3.0.0-0' ]
33 silly lockFile 2b1592d4-grunt-autoprefixer-2-0-0 grunt-autoprefixer@^2.0.0
34 verbose lock grunt-autoprefixer@^2.0.0 /home/cabox/.npm/2b1592d4-grunt-autoprefixer-2-0-0.lock
35 verbose cache add [ 'grunt-angular-templates@^0.5.7', null ]
36 verbose cache add name=undefined spec="grunt-angular-templates@^0.5.7" args=["grunt-angular-templates@^0.5.7",null]
37 verbose parsed url { protocol: null,
37 verbose parsed url   slashes: null,
37 verbose parsed url   auth: null,
37 verbose parsed url   host: null,
37 verbose parsed url   port: null,
37 verbose parsed url   hostname: null,
37 verbose parsed url   hash: null,
37 verbose parsed url   search: null,
37 verbose parsed url   query: null,
37 verbose parsed url   pathname: 'grunt-angular-templates@^0.5.7',
37 verbose parsed url   path: 'grunt-angular-templates@^0.5.7',
37 verbose parsed url   href: 'grunt-angular-templates@^0.5.7' }
38 verbose cache add name="grunt-angular-templates" spec="^0.5.7" args=["grunt-angular-templates","^0.5.7"]
39 verbose parsed url { protocol: null,
39 verbose parsed url   slashes: null,
39 verbose parsed url   auth: null,
39 verbose parsed url   host: null,
39 verbose parsed url   port: null,
39 verbose parsed url   hostname: null,
39 verbose parsed url   hash: null,
39 verbose parsed url   search: null,
39 verbose parsed url   query: null,
39 verbose parsed url   pathname: '^0.5.7',
39 verbose parsed url   path: '^0.5.7',
39 verbose parsed url   href: '^0.5.7' }
40 verbose addNamed [ 'grunt-angular-templates', '^0.5.7' ]
41 verbose addNamed [ null, '>=0.5.7-0 <0.6.0-0' ]
42 silly lockFile 8cd44080-grunt-angular-templates-0-5-7 grunt-angular-templates@^0.5.7
43 verbose lock grunt-angular-templates@^0.5.7 /home/cabox/.npm/8cd44080-grunt-angular-templates-0-5-7.lock
44 verbose cache add [ 'grunt-concurrent@^1.0.0', null ]
45 verbose cache add name=undefined spec="grunt-concurrent@^1.0.0" args=["grunt-concurrent@^1.0.0",null]
46 verbose parsed url { protocol: null,
46 verbose parsed url   slashes: null,
46 verbose parsed url   auth: null,
46 verbose parsed url   host: null,
46 verbose parsed url   port: null,
46 verbose parsed url   hostname: null,
46 verbose parsed url   hash: null,
46 verbose parsed url   search: null,
46 verbose parsed url   query: null,
46 verbose parsed url   pathname: 'grunt-concurrent@^1.0.0',
46 verbose parsed url   path: 'grunt-concurrent@^1.0.0',
46 verbose parsed url   href: 'grunt-concurrent@^1.0.0' }
47 verbose cache add name="grunt-concurrent" spec="^1.0.0" args=["grunt-concurrent","^1.0.0"]
48 verbose parsed url { protocol: null,
48 verbose parsed url   slashes: null,
48 verbose parsed url   auth: null,
48 verbose parsed url   host: null,
48 verbose parsed url   port: null,
48 verbose parsed url   hostname: null,
48 verbose parsed url   hash: null,
48 verbose parsed url   search: null,
48 verbose parsed url   query: null,
48 verbose parsed url   pathname: '^1.0.0',
48 verbose parsed url   path: '^1.0.0',
48 verbose parsed url   href: '^1.0.0' }
49 verbose addNamed [ 'grunt-concurrent', '^1.0.0' ]
50 verbose addNamed [ null, '>=1.0.0-0 <2.0.0-0' ]
51 silly lockFile e5d6a4fb-grunt-concurrent-1-0-0 grunt-concurrent@^1.0.0
52 verbose lock grunt-concurrent@^1.0.0 /home/cabox/.npm/e5d6a4fb-grunt-concurrent-1-0-0.lock
53 verbose cache add [ 'grunt-connect-proxy@^0.2.0', null ]
54 verbose cache add name=undefined spec="grunt-connect-proxy@^0.2.0" args=["grunt-connect-proxy@^0.2.0",null]
55 verbose parsed url { protocol: null,
55 verbose parsed url   slashes: null,
55 verbose parsed url   auth: null,
55 verbose parsed url   host: null,
55 verbose parsed url   port: null,
55 verbose parsed url   hostname: null,
55 verbose parsed url   hash: null,
55 verbose parsed url   search: null,
55 verbose parsed url   query: null,
55 verbose parsed url   pathname: 'grunt-connect-proxy@^0.2.0',
55 verbose parsed url   path: 'grunt-connect-proxy@^0.2.0',
55 verbose parsed url   href: 'grunt-connect-proxy@^0.2.0' }
56 verbose cache add name="grunt-connect-proxy" spec="^0.2.0" args=["grunt-connect-proxy","^0.2.0"]
57 verbose parsed url { protocol: null,
57 verbose parsed url   slashes: null,
57 verbose parsed url   auth: null,
57 verbose parsed url   host: null,
57 verbose parsed url   port: null,
57 verbose parsed url   hostname: null,
57 verbose parsed url   hash: null,
57 verbose parsed url   search: null,
57 verbose parsed url   query: null,
57 verbose parsed url   pathname: '^0.2.0',
57 verbose parsed url   path: '^0.2.0',
57 verbose parsed url   href: '^0.2.0' }
58 verbose addNamed [ 'grunt-connect-proxy', '^0.2.0' ]
59 verbose addNamed [ null, '>=0.2.0-0 <0.3.0-0' ]
60 silly lockFile 10769aff-grunt-connect-proxy-0-2-0 grunt-connect-proxy@^0.2.0
61 verbose lock grunt-connect-proxy@^0.2.0 /home/cabox/.npm/10769aff-grunt-connect-proxy-0-2-0.lock
62 verbose cache add [ 'grunt-contrib-clean@^0.6.0', null ]
63 verbose cache add name=undefined spec="grunt-contrib-clean@^0.6.0" args=["grunt-contrib-clean@^0.6.0",null]
64 verbose parsed url { protocol: null,
64 verbose parsed url   slashes: null,
64 verbose parsed url   auth: null,
64 verbose parsed url   host: null,
64 verbose parsed url   port: null,
64 verbose parsed url   hostname: null,
64 verbose parsed url   hash: null,
64 verbose parsed url   search: null,
64 verbose parsed url   query: null,
64 verbose parsed url   pathname: 'grunt-contrib-clean@^0.6.0',
64 verbose parsed url   path: 'grunt-contrib-clean@^0.6.0',
64 verbose parsed url   href: 'grunt-contrib-clean@^0.6.0' }
65 verbose cache add name="grunt-contrib-clean" spec="^0.6.0" args=["grunt-contrib-clean","^0.6.0"]
66 verbose parsed url { protocol: null,
66 verbose parsed url   slashes: null,
66 verbose parsed url   auth: null,
66 verbose parsed url   host: null,
66 verbose parsed url   port: null,
66 verbose parsed url   hostname: null,
66 verbose parsed url   hash: null,
66 verbose parsed url   search: null,
66 verbose parsed url   query: null,
66 verbose parsed url   pathname: '^0.6.0',
66 verbose parsed url   path: '^0.6.0',
66 verbose parsed url   href: '^0.6.0' }
67 verbose addNamed [ 'grunt-contrib-clean', '^0.6.0' ]
68 verbose addNamed [ null, '>=0.6.0-0 <0.7.0-0' ]
69 silly lockFile ca39a60f-grunt-contrib-clean-0-6-0 grunt-contrib-clean@^0.6.0
70 verbose lock grunt-contrib-clean@^0.6.0 /home/cabox/.npm/ca39a60f-grunt-contrib-clean-0-6-0.lock
71 verbose cache add [ 'grunt-contrib-compass@^1.0.0', null ]
72 verbose cache add name=undefined spec="grunt-contrib-compass@^1.0.0" args=["grunt-contrib-compass@^1.0.0",null]
73 verbose parsed url { protocol: null,
73 verbose parsed url   slashes: null,
73 verbose parsed url   auth: null,
73 verbose parsed url   host: null,
73 verbose parsed url   port: null,
73 verbose parsed url   hostname: null,
73 verbose parsed url   hash: null,
73 verbose parsed url   search: null,
73 verbose parsed url   query: null,
73 verbose parsed url   pathname: 'grunt-contrib-compass@^1.0.0',
73 verbose parsed url   path: 'grunt-contrib-compass@^1.0.0',
73 verbose parsed url   href: 'grunt-contrib-compass@^1.0.0' }
74 verbose cache add name="grunt-contrib-compass" spec="^1.0.0" args=["grunt-contrib-compass","^1.0.0"]
75 verbose parsed url { protocol: null,
75 verbose parsed url   slashes: null,
75 verbose parsed url   auth: null,
75 verbose parsed url   host: null,
75 verbose parsed url   port: null,
75 verbose parsed url   hostname: null,
75 verbose parsed url   hash: null,
75 verbose parsed url   search: null,
75 verbose parsed url   query: null,
75 verbose parsed url   pathname: '^1.0.0',
75 verbose parsed url   path: '^1.0.0',
75 verbose parsed url   href: '^1.0.0' }
76 verbose addNamed [ 'grunt-contrib-compass', '^1.0.0' ]
77 verbose addNamed [ null, '>=1.0.0-0 <2.0.0-0' ]
78 silly lockFile dfcd6ac5-grunt-contrib-compass-1-0-0 grunt-contrib-compass@^1.0.0
79 verbose lock grunt-contrib-compass@^1.0.0 /home/cabox/.npm/dfcd6ac5-grunt-contrib-compass-1-0-0.lock
80 verbose cache add [ 'grunt-contrib-concat@^0.5.0', null ]
81 verbose cache add name=undefined spec="grunt-contrib-concat@^0.5.0" args=["grunt-contrib-concat@^0.5.0",null]
82 verbose parsed url { protocol: null,
82 verbose parsed url   slashes: null,
82 verbose parsed url   auth: null,
82 verbose parsed url   host: null,
82 verbose parsed url   port: null,
82 verbose parsed url   hostname: null,
82 verbose parsed url   hash: null,
82 verbose parsed url   search: null,
82 verbose parsed url   query: null,
82 verbose parsed url   pathname: 'grunt-contrib-concat@^0.5.0',
82 verbose parsed url   path: 'grunt-contrib-concat@^0.5.0',
82 verbose parsed url   href: 'grunt-contrib-concat@^0.5.0' }
83 verbose cache add name="grunt-contrib-concat" spec="^0.5.0" args=["grunt-contrib-concat","^0.5.0"]
84 verbose parsed url { protocol: null,
84 verbose parsed url   slashes: null,
84 verbose parsed url   auth: null,
84 verbose parsed url   host: null,
84 verbose parsed url   port: null,
84 verbose parsed url   hostname: null,
84 verbose parsed url   hash: null,
84 verbose parsed url   search: null,
84 verbose parsed url   query: null,
84 verbose parsed url   pathname: '^0.5.0',
84 verbose parsed url   path: '^0.5.0',
84 verbose parsed url   href: '^0.5.0' }
85 verbose addNamed [ 'grunt-contrib-concat', '^0.5.0' ]
86 verbose addNamed [ null, '>=0.5.0-0 <0.6.0-0' ]
87 silly lockFile 47c410cb-grunt-contrib-concat-0-5-0 grunt-contrib-concat@^0.5.0
88 verbose lock grunt-contrib-concat@^0.5.0 /home/cabox/.npm/47c410cb-grunt-contrib-concat-0-5-0.lock
89 verbose cache add [ 'grunt-contrib-connect@^0.9.0', null ]
90 verbose cache add name=undefined spec="grunt-contrib-connect@^0.9.0" args=["grunt-contrib-connect@^0.9.0",null]
91 verbose parsed url { protocol: null,
91 verbose parsed url   slashes: null,
91 verbose parsed url   auth: null,
91 verbose parsed url   host: null,
91 verbose parsed url   port: null,
91 verbose parsed url   hostname: null,
91 verbose parsed url   hash: null,
91 verbose parsed url   search: null,
91 verbose parsed url   query: null,
91 verbose parsed url   pathname: 'grunt-contrib-connect@^0.9.0',
91 verbose parsed url   path: 'grunt-contrib-connect@^0.9.0',
91 verbose parsed url   href: 'grunt-contrib-connect@^0.9.0' }
92 verbose cache add name="grunt-contrib-connect" spec="^0.9.0" args=["grunt-contrib-connect","^0.9.0"]
93 verbose parsed url { protocol: null,
93 verbose parsed url   slashes: null,
93 verbose parsed url   auth: null,
93 verbose parsed url   host: null,
93 verbose parsed url   port: null,
93 verbose parsed url   hostname: null,
93 verbose parsed url   hash: null,
93 verbose parsed url   search: null,
93 verbose parsed url   query: null,
93 verbose parsed url   pathname: '^0.9.0',
93 verbose parsed url   path: '^0.9.0',
93 verbose parsed url   href: '^0.9.0' }
94 verbose addNamed [ 'grunt-contrib-connect', '^0.9.0' ]
95 verbose addNamed [ null, '>=0.9.0-0 <0.10.0-0' ]
96 silly lockFile 8990ac20-grunt-contrib-connect-0-9-0 grunt-contrib-connect@^0.9.0
97 verbose lock grunt-contrib-connect@^0.9.0 /home/cabox/.npm/8990ac20-grunt-contrib-connect-0-9-0.lock
98 verbose cache add [ 'grunt-contrib-copy@^0.7.0', null ]
99 verbose cache add name=undefined spec="grunt-contrib-copy@^0.7.0" args=["grunt-contrib-copy@^0.7.0",null]
100 verbose parsed url { protocol: null,
100 verbose parsed url   slashes: null,
100 verbose parsed url   auth: null,
100 verbose parsed url   host: null,
100 verbose parsed url   port: null,
100 verbose parsed url   hostname: null,
100 verbose parsed url   hash: null,
100 verbose parsed url   search: null,
100 verbose parsed url   query: null,
100 verbose parsed url   pathname: 'grunt-contrib-copy@^0.7.0',
100 verbose parsed url   path: 'grunt-contrib-copy@^0.7.0',
100 verbose parsed url   href: 'grunt-contrib-copy@^0.7.0' }
101 verbose cache add name="grunt-contrib-copy" spec="^0.7.0" args=["grunt-contrib-copy","^0.7.0"]
102 verbose parsed url { protocol: null,
102 verbose parsed url   slashes: null,
102 verbose parsed url   auth: null,
102 verbose parsed url   host: null,
102 verbose parsed url   port: null,
102 verbose parsed url   hostname: null,
102 verbose parsed url   hash: null,
102 verbose parsed url   search: null,
102 verbose parsed url   query: null,
102 verbose parsed url   pathname: '^0.7.0',
102 verbose parsed url   path: '^0.7.0',
102 verbose parsed url   href: '^0.7.0' }
103 verbose addNamed [ 'grunt-contrib-copy', '^0.7.0' ]
104 verbose addNamed [ null, '>=0.7.0-0 <0.8.0-0' ]
105 silly lockFile 359d66a1-grunt-contrib-copy-0-7-0 grunt-contrib-copy@^0.7.0
106 verbose lock grunt-contrib-copy@^0.7.0 /home/cabox/.npm/359d66a1-grunt-contrib-copy-0-7-0.lock
107 verbose cache add [ 'grunt-contrib-cssmin@^0.12.0', null ]
108 verbose cache add name=undefined spec="grunt-contrib-cssmin@^0.12.0" args=["grunt-contrib-cssmin@^0.12.0",null]
109 verbose parsed url { protocol: null,
109 verbose parsed url   slashes: null,
109 verbose parsed url   auth: null,
109 verbose parsed url   host: null,
109 verbose parsed url   port: null,
109 verbose parsed url   hostname: null,
109 verbose parsed url   hash: null,
109 verbose parsed url   search: null,
109 verbose parsed url   query: null,
109 verbose parsed url   pathname: 'grunt-contrib-cssmin@^0.12.0',
109 verbose parsed url   path: 'grunt-contrib-cssmin@^0.12.0',
109 verbose parsed url   href: 'grunt-contrib-cssmin@^0.12.0' }
110 verbose cache add name="grunt-contrib-cssmin" spec="^0.12.0" args=["grunt-contrib-cssmin","^0.12.0"]
111 verbose parsed url { protocol: null,
111 verbose parsed url   slashes: null,
111 verbose parsed url   auth: null,
111 verbose parsed url   host: null,
111 verbose parsed url   port: null,
111 verbose parsed url   hostname: null,
111 verbose parsed url   hash: null,
111 verbose parsed url   search: null,
111 verbose parsed url   query: null,
111 verbose parsed url   pathname: '^0.12.0',
111 verbose parsed url   path: '^0.12.0',
111 verbose parsed url   href: '^0.12.0' }
112 verbose addNamed [ 'grunt-contrib-cssmin', '^0.12.0' ]
113 verbose addNamed [ null, '>=0.12.0-0 <0.13.0-0' ]
114 silly lockFile 149f993a-grunt-contrib-cssmin-0-12-0 grunt-contrib-cssmin@^0.12.0
115 verbose lock grunt-contrib-cssmin@^0.12.0 /home/cabox/.npm/149f993a-grunt-contrib-cssmin-0-12-0.lock
116 verbose cache add [ 'grunt-contrib-htmlmin@^0.4.0', null ]
117 verbose cache add name=undefined spec="grunt-contrib-htmlmin@^0.4.0" args=["grunt-contrib-htmlmin@^0.4.0",null]
118 verbose parsed url { protocol: null,
118 verbose parsed url   slashes: null,
118 verbose parsed url   auth: null,
118 verbose parsed url   host: null,
118 verbose parsed url   port: null,
118 verbose parsed url   hostname: null,
118 verbose parsed url   hash: null,
118 verbose parsed url   search: null,
118 verbose parsed url   query: null,
118 verbose parsed url   pathname: 'grunt-contrib-htmlmin@^0.4.0',
118 verbose parsed url   path: 'grunt-contrib-htmlmin@^0.4.0',
118 verbose parsed url   href: 'grunt-contrib-htmlmin@^0.4.0' }
119 verbose cache add name="grunt-contrib-htmlmin" spec="^0.4.0" args=["grunt-contrib-htmlmin","^0.4.0"]
120 verbose parsed url { protocol: null,
120 verbose parsed url   slashes: null,
120 verbose parsed url   auth: null,
120 verbose parsed url   host: null,
120 verbose parsed url   port: null,
120 verbose parsed url   hostname: null,
120 verbose parsed url   hash: null,
120 verbose parsed url   search: null,
120 verbose parsed url   query: null,
120 verbose parsed url   pathname: '^0.4.0',
120 verbose parsed url   path: '^0.4.0',
120 verbose parsed url   href: '^0.4.0' }
121 verbose addNamed [ 'grunt-contrib-htmlmin', '^0.4.0' ]
122 verbose addNamed [ null, '>=0.4.0-0 <0.5.0-0' ]
123 silly lockFile 125176d8-grunt-contrib-htmlmin-0-4-0 grunt-contrib-htmlmin@^0.4.0
124 verbose lock grunt-contrib-htmlmin@^0.4.0 /home/cabox/.npm/125176d8-grunt-contrib-htmlmin-0-4-0.lock
125 silly addNameRange { name: 'grunt', range: '>=0.4.5-0 <0.5.0-0', hasData: false }
126 silly addNameRange { name: 'grunt-angular-file-loader',
126 silly addNameRange   range: '>=1.1.5-0 <2.0.0-0',
126 silly addNameRange   hasData: false }
127 silly addNameRange { name: 'grunt-autoprefixer',
127 silly addNameRange   range: '>=2.0.0-0 <3.0.0-0',
127 silly addNameRange   hasData: false }
128 silly addNameRange { name: 'grunt-angular-templates',
128 silly addNameRange   range: '>=0.5.7-0 <0.6.0-0',
128 silly addNameRange   hasData: false }
129 silly addNameRange { name: 'grunt-concurrent',
129 silly addNameRange   range: '>=1.0.0-0 <2.0.0-0',
129 silly addNameRange   hasData: false }
130 silly addNameRange { name: 'grunt-connect-proxy',
130 silly addNameRange   range: '>=0.2.0-0 <0.3.0-0',
130 silly addNameRange   hasData: false }
131 verbose cache add [ 'grunt-contrib-imagemin@^0.9.2', null ]
132 verbose cache add name=undefined spec="grunt-contrib-imagemin@^0.9.2" args=["grunt-contrib-imagemin@^0.9.2",null]
133 verbose parsed url { protocol: null,
133 verbose parsed url   slashes: null,
133 verbose parsed url   auth: null,
133 verbose parsed url   host: null,
133 verbose parsed url   port: null,
133 verbose parsed url   hostname: null,
133 verbose parsed url   hash: null,
133 verbose parsed url   search: null,
133 verbose parsed url   query: null,
133 verbose parsed url   pathname: 'grunt-contrib-imagemin@^0.9.2',
133 verbose parsed url   path: 'grunt-contrib-imagemin@^0.9.2',
133 verbose parsed url   href: 'grunt-contrib-imagemin@^0.9.2' }
134 verbose cache add name="grunt-contrib-imagemin" spec="^0.9.2" args=["grunt-contrib-imagemin","^0.9.2"]
135 verbose parsed url { protocol: null,
135 verbose parsed url   slashes: null,
135 verbose parsed url   auth: null,
135 verbose parsed url   host: null,
135 verbose parsed url   port: null,
135 verbose parsed url   hostname: null,
135 verbose parsed url   hash: null,
135 verbose parsed url   search: null,
135 verbose parsed url   query: null,
135 verbose parsed url   pathname: '^0.9.2',
135 verbose parsed url   path: '^0.9.2',
135 verbose parsed url   href: '^0.9.2' }
136 verbose addNamed [ 'grunt-contrib-imagemin', '^0.9.2' ]
137 verbose addNamed [ null, '>=0.9.2-0 <0.10.0-0' ]
138 silly lockFile 4b6a5e1f-grunt-contrib-imagemin-0-9-2 grunt-contrib-imagemin@^0.9.2
139 verbose lock grunt-contrib-imagemin@^0.9.2 /home/cabox/.npm/4b6a5e1f-grunt-contrib-imagemin-0-9-2.lock
140 verbose cache add [ 'grunt-contrib-jshint@^0.11.0', null ]
141 verbose cache add name=undefined spec="grunt-contrib-jshint@^0.11.0" args=["grunt-contrib-jshint@^0.11.0",null]
142 verbose parsed url { protocol: null,
142 verbose parsed url   slashes: null,
142 verbose parsed url   auth: null,
142 verbose parsed url   host: null,
142 verbose parsed url   port: null,
142 verbose parsed url   hostname: null,
142 verbose parsed url   hash: null,
142 verbose parsed url   search: null,
142 verbose parsed url   query: null,
142 verbose parsed url   pathname: 'grunt-contrib-jshint@^0.11.0',
142 verbose parsed url   path: 'grunt-contrib-jshint@^0.11.0',
142 verbose parsed url   href: 'grunt-contrib-jshint@^0.11.0' }
143 verbose cache add name="grunt-contrib-jshint" spec="^0.11.0" args=["grunt-contrib-jshint","^0.11.0"]
144 verbose parsed url { protocol: null,
144 verbose parsed url   slashes: null,
144 verbose parsed url   auth: null,
144 verbose parsed url   host: null,
144 verbose parsed url   port: null,
144 verbose parsed url   hostname: null,
144 verbose parsed url   hash: null,
144 verbose parsed url   search: null,
144 verbose parsed url   query: null,
144 verbose parsed url   pathname: '^0.11.0',
144 verbose parsed url   path: '^0.11.0',
144 verbose parsed url   href: '^0.11.0' }
145 verbose addNamed [ 'grunt-contrib-jshint', '^0.11.0' ]
146 verbose addNamed [ null, '>=0.11.0-0 <0.12.0-0' ]
147 silly lockFile 5782cb4c-grunt-contrib-jshint-0-11-0 grunt-contrib-jshint@^0.11.0
148 verbose lock grunt-contrib-jshint@^0.11.0 /home/cabox/.npm/5782cb4c-grunt-contrib-jshint-0-11-0.lock
149 verbose cache add [ 'grunt-contrib-uglify@^0.7.0', null ]
150 verbose cache add name=undefined spec="grunt-contrib-uglify@^0.7.0" args=["grunt-contrib-uglify@^0.7.0",null]
151 verbose parsed url { protocol: null,
151 verbose parsed url   slashes: null,
151 verbose parsed url   auth: null,
151 verbose parsed url   host: null,
151 verbose parsed url   port: null,
151 verbose parsed url   hostname: null,
151 verbose parsed url   hash: null,
151 verbose parsed url   search: null,
151 verbose parsed url   query: null,
151 verbose parsed url   pathname: 'grunt-contrib-uglify@^0.7.0',
151 verbose parsed url   path: 'grunt-contrib-uglify@^0.7.0',
151 verbose parsed url   href: 'grunt-contrib-uglify@^0.7.0' }
152 verbose cache add name="grunt-contrib-uglify" spec="^0.7.0" args=["grunt-contrib-uglify","^0.7.0"]
153 verbose parsed url { protocol: null,
153 verbose parsed url   slashes: null,
153 verbose parsed url   auth: null,
153 verbose parsed url   host: null,
153 verbose parsed url   port: null,
153 verbose parsed url   hostname: null,
153 verbose parsed url   hash: null,
153 verbose parsed url   search: null,
153 verbose parsed url   query: null,
153 verbose parsed url   pathname: '^0.7.0',
153 verbose parsed url   path: '^0.7.0',
153 verbose parsed url   href: '^0.7.0' }
154 verbose addNamed [ 'grunt-contrib-uglify', '^0.7.0' ]
155 verbose addNamed [ null, '>=0.7.0-0 <0.8.0-0' ]
156 silly lockFile 305ef1bc-grunt-contrib-uglify-0-7-0 grunt-contrib-uglify@^0.7.0
157 verbose lock grunt-contrib-uglify@^0.7.0 /home/cabox/.npm/305ef1bc-grunt-contrib-uglify-0-7-0.lock
158 verbose cache add [ 'grunt-contrib-watch@^0.6.1', null ]
159 verbose cache add name=undefined spec="grunt-contrib-watch@^0.6.1" args=["grunt-contrib-watch@^0.6.1",null]
160 verbose parsed url { protocol: null,
160 verbose parsed url   slashes: null,
160 verbose parsed url   auth: null,
160 verbose parsed url   host: null,
160 verbose parsed url   port: null,
160 verbose parsed url   hostname: null,
160 verbose parsed url   hash: null,
160 verbose parsed url   search: null,
160 verbose parsed url   query: null,
160 verbose parsed url   pathname: 'grunt-contrib-watch@^0.6.1',
160 verbose parsed url   path: 'grunt-contrib-watch@^0.6.1',
160 verbose parsed url   href: 'grunt-contrib-watch@^0.6.1' }
161 verbose cache add name="grunt-contrib-watch" spec="^0.6.1" args=["grunt-contrib-watch","^0.6.1"]
162 verbose parsed url { protocol: null,
162 verbose parsed url   slashes: null,
162 verbose parsed url   auth: null,
162 verbose parsed url   host: null,
162 verbose parsed url   port: null,
162 verbose parsed url   hostname: null,
162 verbose parsed url   hash: null,
162 verbose parsed url   search: null,
162 verbose parsed url   query: null,
162 verbose parsed url   pathname: '^0.6.1',
162 verbose parsed url   path: '^0.6.1',
162 verbose parsed url   href: '^0.6.1' }
163 verbose addNamed [ 'grunt-contrib-watch', '^0.6.1' ]
164 verbose addNamed [ null, '>=0.6.1-0 <0.7.0-0' ]
165 silly lockFile 224b1ece-grunt-contrib-watch-0-6-1 grunt-contrib-watch@^0.6.1
166 verbose lock grunt-contrib-watch@^0.6.1 /home/cabox/.npm/224b1ece-grunt-contrib-watch-0-6-1.lock
167 verbose cache add [ 'grunt-filerev@^2.1.2', null ]
168 verbose cache add name=undefined spec="grunt-filerev@^2.1.2" args=["grunt-filerev@^2.1.2",null]
169 verbose parsed url { protocol: null,
169 verbose parsed url   slashes: null,
169 verbose parsed url   auth: null,
169 verbose parsed url   host: null,
169 verbose parsed url   port: null,
169 verbose parsed url   hostname: null,
169 verbose parsed url   hash: null,
169 verbose parsed url   search: null,
169 verbose parsed url   query: null,
169 verbose parsed url   pathname: 'grunt-filerev@^2.1.2',
169 verbose parsed url   path: 'grunt-filerev@^2.1.2',
169 verbose parsed url   href: 'grunt-filerev@^2.1.2' }
170 verbose cache add name="grunt-filerev" spec="^2.1.2" args=["grunt-filerev","^2.1.2"]
171 verbose parsed url { protocol: null,
171 verbose parsed url   slashes: null,
171 verbose parsed url   auth: null,
171 verbose parsed url   host: null,
171 verbose parsed url   port: null,
171 verbose parsed url   hostname: null,
171 verbose parsed url   hash: null,
171 verbose parsed url   search: null,
171 verbose parsed url   query: null,
171 verbose parsed url   pathname: '^2.1.2',
171 verbose parsed url   path: '^2.1.2',
171 verbose parsed url   href: '^2.1.2' }
172 verbose addNamed [ 'grunt-filerev', '^2.1.2' ]
173 verbose addNamed [ null, '>=2.1.2-0 <3.0.0-0' ]
174 silly lockFile c590b3c8-grunt-filerev-2-1-2 grunt-filerev@^2.1.2
175 verbose lock grunt-filerev@^2.1.2 /home/cabox/.npm/c590b3c8-grunt-filerev-2-1-2.lock
176 verbose cache add [ 'grunt-google-cdn@^0.4.3', null ]
177 verbose cache add name=undefined spec="grunt-google-cdn@^0.4.3" args=["grunt-google-cdn@^0.4.3",null]
178 verbose parsed url { protocol: null,
178 verbose parsed url   slashes: null,
178 verbose parsed url   auth: null,
178 verbose parsed url   host: null,
178 verbose parsed url   port: null,
178 verbose parsed url   hostname: null,
178 verbose parsed url   hash: null,
178 verbose parsed url   search: null,
178 verbose parsed url   query: null,
178 verbose parsed url   pathname: 'grunt-google-cdn@^0.4.3',
178 verbose parsed url   path: 'grunt-google-cdn@^0.4.3',
178 verbose parsed url   href: 'grunt-google-cdn@^0.4.3' }
179 verbose cache add name="grunt-google-cdn" spec="^0.4.3" args=["grunt-google-cdn","^0.4.3"]
180 verbose parsed url { protocol: null,
180 verbose parsed url   slashes: null,
180 verbose parsed url   auth: null,
180 verbose parsed url   host: null,
180 verbose parsed url   port: null,
180 verbose parsed url   hostname: null,
180 verbose parsed url   hash: null,
180 verbose parsed url   search: null,
180 verbose parsed url   query: null,
180 verbose parsed url   pathname: '^0.4.3',
180 verbose parsed url   path: '^0.4.3',
180 verbose parsed url   href: '^0.4.3' }
181 verbose addNamed [ 'grunt-google-cdn', '^0.4.3' ]
182 verbose addNamed [ null, '>=0.4.3-0 <0.5.0-0' ]
183 silly lockFile 99bf181c-grunt-google-cdn-0-4-3 grunt-google-cdn@^0.4.3
184 verbose lock grunt-google-cdn@^0.4.3 /home/cabox/.npm/99bf181c-grunt-google-cdn-0-4-3.lock
185 verbose cache add [ 'grunt-newer@^1.1.0', null ]
186 verbose cache add name=undefined spec="grunt-newer@^1.1.0" args=["grunt-newer@^1.1.0",null]
187 verbose parsed url { protocol: null,
187 verbose parsed url   slashes: null,
187 verbose parsed url   auth: null,
187 verbose parsed url   host: null,
187 verbose parsed url   port: null,
187 verbose parsed url   hostname: null,
187 verbose parsed url   hash: null,
187 verbose parsed url   search: null,
187 verbose parsed url   query: null,
187 verbose parsed url   pathname: 'grunt-newer@^1.1.0',
187 verbose parsed url   path: 'grunt-newer@^1.1.0',
187 verbose parsed url   href: 'grunt-newer@^1.1.0' }
188 verbose cache add name="grunt-newer" spec="^1.1.0" args=["grunt-newer","^1.1.0"]
189 verbose parsed url { protocol: null,
189 verbose parsed url   slashes: null,
189 verbose parsed url   auth: null,
189 verbose parsed url   host: null,
189 verbose parsed url   port: null,
189 verbose parsed url   hostname: null,
189 verbose parsed url   hash: null,
189 verbose parsed url   search: null,
189 verbose parsed url   query: null,
189 verbose parsed url   pathname: '^1.1.0',
189 verbose parsed url   path: '^1.1.0',
189 verbose parsed url   href: '^1.1.0' }
190 verbose addNamed [ 'grunt-newer', '^1.1.0' ]
191 verbose addNamed [ null, '>=1.1.0-0 <2.0.0-0' ]
192 silly lockFile 333fcb72-grunt-newer-1-1-0 grunt-newer@^1.1.0
193 verbose lock grunt-newer@^1.1.0 /home/cabox/.npm/333fcb72-grunt-newer-1-1-0.lock
194 verbose cache add [ 'grunt-ng-annotate@^0.9.2', null ]
195 verbose cache add name=undefined spec="grunt-ng-annotate@^0.9.2" args=["grunt-ng-annotate@^0.9.2",null]
196 verbose parsed url { protocol: null,
196 verbose parsed url   slashes: null,
196 verbose parsed url   auth: null,
196 verbose parsed url   host: null,
196 verbose parsed url   port: null,
196 verbose parsed url   hostname: null,
196 verbose parsed url   hash: null,
196 verbose parsed url   search: null,
196 verbose parsed url   query: null,
196 verbose parsed url   pathname: 'grunt-ng-annotate@^0.9.2',
196 verbose parsed url   path: 'grunt-ng-annotate@^0.9.2',
196 verbose parsed url   href: 'grunt-ng-annotate@^0.9.2' }
197 verbose cache add name="grunt-ng-annotate" spec="^0.9.2" args=["grunt-ng-annotate","^0.9.2"]
198 verbose parsed url { protocol: null,
198 verbose parsed url   slashes: null,
198 verbose parsed url   auth: null,
198 verbose parsed url   host: null,
198 verbose parsed url   port: null,
198 verbose parsed url   hostname: null,
198 verbose parsed url   hash: null,
198 verbose parsed url   search: null,
198 verbose parsed url   query: null,
198 verbose parsed url   pathname: '^0.9.2',
198 verbose parsed url   path: '^0.9.2',
198 verbose parsed url   href: '^0.9.2' }
199 verbose addNamed [ 'grunt-ng-annotate', '^0.9.2' ]
200 verbose addNamed [ null, '>=0.9.2-0 <0.10.0-0' ]
201 silly lockFile 324c6ebb-grunt-ng-annotate-0-9-2 grunt-ng-annotate@^0.9.2
202 verbose lock grunt-ng-annotate@^0.9.2 /home/cabox/.npm/324c6ebb-grunt-ng-annotate-0-9-2.lock
203 verbose cache add [ 'grunt-svgmin@^2.0.0', null ]
204 verbose cache add name=undefined spec="grunt-svgmin@^2.0.0" args=["grunt-svgmin@^2.0.0",null]
205 verbose parsed url { protocol: null,
205 verbose parsed url   slashes: null,
205 verbose parsed url   auth: null,
205 verbose parsed url   host: null,
205 verbose parsed url   port: null,
205 verbose parsed url   hostname: null,
205 verbose parsed url   hash: null,
205 verbose parsed url   search: null,
205 verbose parsed url   query: null,
205 verbose parsed url   pathname: 'grunt-svgmin@^2.0.0',
205 verbose parsed url   path: 'grunt-svgmin@^2.0.0',
205 verbose parsed url   href: 'grunt-svgmin@^2.0.0' }
206 verbose cache add name="grunt-svgmin" spec="^2.0.0" args=["grunt-svgmin","^2.0.0"]
207 verbose parsed url { protocol: null,
207 verbose parsed url   slashes: null,
207 verbose parsed url   auth: null,
207 verbose parsed url   host: null,
207 verbose parsed url   port: null,
207 verbose parsed url   hostname: null,
207 verbose parsed url   hash: null,
207 verbose parsed url   search: null,
207 verbose parsed url   query: null,
207 verbose parsed url   pathname: '^2.0.0',
207 verbose parsed url   path: '^2.0.0',
207 verbose parsed url   href: '^2.0.0' }
208 verbose addNamed [ 'grunt-svgmin', '^2.0.0' ]
209 verbose addNamed [ null, '>=2.0.0-0 <3.0.0-0' ]
210 silly lockFile 14706f94-grunt-svgmin-2-0-0 grunt-svgmin@^2.0.0
211 verbose lock grunt-svgmin@^2.0.0 /home/cabox/.npm/14706f94-grunt-svgmin-2-0-0.lock
212 verbose cache add [ 'grunt-usemin@^3.0.0', null ]
213 verbose cache add name=undefined spec="grunt-usemin@^3.0.0" args=["grunt-usemin@^3.0.0",null]
214 verbose parsed url { protocol: null,
214 verbose parsed url   slashes: null,
214 verbose parsed url   auth: null,
214 verbose parsed url   host: null,
214 verbose parsed url   port: null,
214 verbose parsed url   hostname: null,
214 verbose parsed url   hash: null,
214 verbose parsed url   search: null,
214 verbose parsed url   query: null,
214 verbose parsed url   pathname: 'grunt-usemin@^3.0.0',
214 verbose parsed url   path: 'grunt-usemin@^3.0.0',
214 verbose parsed url   href: 'grunt-usemin@^3.0.0' }
215 verbose cache add name="grunt-usemin" spec="^3.0.0" args=["grunt-usemin","^3.0.0"]
216 verbose parsed url { protocol: null,
216 verbose parsed url   slashes: null,
216 verbose parsed url   auth: null,
216 verbose parsed url   host: null,
216 verbose parsed url   port: null,
216 verbose parsed url   hostname: null,
216 verbose parsed url   hash: null,
216 verbose parsed url   search: null,
216 verbose parsed url   query: null,
216 verbose parsed url   pathname: '^3.0.0',
216 verbose parsed url   path: '^3.0.0',
216 verbose parsed url   href: '^3.0.0' }
217 verbose addNamed [ 'grunt-usemin', '^3.0.0' ]
218 verbose addNamed [ null, '>=3.0.0-0 <4.0.0-0' ]
219 silly lockFile 5cb00507-grunt-usemin-3-0-0 grunt-usemin@^3.0.0
220 verbose lock grunt-usemin@^3.0.0 /home/cabox/.npm/5cb00507-grunt-usemin-3-0-0.lock
221 verbose cache add [ 'grunt-wiredep@^2.0.0', null ]
222 verbose cache add name=undefined spec="grunt-wiredep@^2.0.0" args=["grunt-wiredep@^2.0.0",null]
223 verbose parsed url { protocol: null,
223 verbose parsed url   slashes: null,
223 verbose parsed url   auth: null,
223 verbose parsed url   host: null,
223 verbose parsed url   port: null,
223 verbose parsed url   hostname: null,
223 verbose parsed url   hash: null,
223 verbose parsed url   search: null,
223 verbose parsed url   query: null,
223 verbose parsed url   pathname: 'grunt-wiredep@^2.0.0',
223 verbose parsed url   path: 'grunt-wiredep@^2.0.0',
223 verbose parsed url   href: 'grunt-wiredep@^2.0.0' }
224 verbose cache add name="grunt-wiredep" spec="^2.0.0" args=["grunt-wiredep","^2.0.0"]
225 verbose parsed url { protocol: null,
225 verbose parsed url   slashes: null,
225 verbose parsed url   auth: null,
225 verbose parsed url   host: null,
225 verbose parsed url   port: null,
225 verbose parsed url   hostname: null,
225 verbose parsed url   hash: null,
225 verbose parsed url   search: null,
225 verbose parsed url   query: null,
225 verbose parsed url   pathname: '^2.0.0',
225 verbose parsed url   path: '^2.0.0',
225 verbose parsed url   href: '^2.0.0' }
226 verbose addNamed [ 'grunt-wiredep', '^2.0.0' ]
227 verbose addNamed [ null, '>=2.0.0-0 <3.0.0-0' ]
228 silly lockFile fa324219-grunt-wiredep-2-0-0 grunt-wiredep@^2.0.0
229 verbose lock grunt-wiredep@^2.0.0 /home/cabox/.npm/fa324219-grunt-wiredep-2-0-0.lock
230 verbose cache add [ 'jit-grunt@^0.9.1', null ]
231 verbose cache add name=undefined spec="jit-grunt@^0.9.1" args=["jit-grunt@^0.9.1",null]
232 verbose parsed url { protocol: null,
232 verbose parsed url   slashes: null,
232 verbose parsed url   auth: null,
232 verbose parsed url   host: null,
232 verbose parsed url   port: null,
232 verbose parsed url   hostname: null,
232 verbose parsed url   hash: null,
232 verbose parsed url   search: null,
232 verbose parsed url   query: null,
232 verbose parsed url   pathname: 'jit-grunt@^0.9.1',
232 verbose parsed url   path: 'jit-grunt@^0.9.1',
232 verbose parsed url   href: 'jit-grunt@^0.9.1' }
233 verbose cache add name="jit-grunt" spec="^0.9.1" args=["jit-grunt","^0.9.1"]
234 verbose parsed url { protocol: null,
234 verbose parsed url   slashes: null,
234 verbose parsed url   auth: null,
234 verbose parsed url   host: null,
234 verbose parsed url   port: null,
234 verbose parsed url   hostname: null,
234 verbose parsed url   hash: null,
234 verbose parsed url   search: null,
234 verbose parsed url   query: null,
234 verbose parsed url   pathname: '^0.9.1',
234 verbose parsed url   path: '^0.9.1',
234 verbose parsed url   href: '^0.9.1' }
235 verbose addNamed [ 'jit-grunt', '^0.9.1' ]
236 verbose addNamed [ null, '>=0.9.1-0 <0.10.0-0' ]
237 silly lockFile 9b4591b4-jit-grunt-0-9-1 jit-grunt@^0.9.1
238 verbose lock jit-grunt@^0.9.1 /home/cabox/.npm/9b4591b4-jit-grunt-0-9-1.lock
239 verbose cache add [ 'jshint-stylish@^1.0.0', null ]
240 verbose cache add name=undefined spec="jshint-stylish@^1.0.0" args=["jshint-stylish@^1.0.0",null]
241 verbose parsed url { protocol: null,
241 verbose parsed url   slashes: null,
241 verbose parsed url   auth: null,
241 verbose parsed url   host: null,
241 verbose parsed url   port: null,
241 verbose parsed url   hostname: null,
241 verbose parsed url   hash: null,
241 verbose parsed url   search: null,
241 verbose parsed url   query: null,
241 verbose parsed url   pathname: 'jshint-stylish@^1.0.0',
241 verbose parsed url   path: 'jshint-stylish@^1.0.0',
241 verbose parsed url   href: 'jshint-stylish@^1.0.0' }
242 verbose cache add name="jshint-stylish" spec="^1.0.0" args=["jshint-stylish","^1.0.0"]
243 verbose parsed url { protocol: null,
243 verbose parsed url   slashes: null,
243 verbose parsed url   auth: null,
243 verbose parsed url   host: null,
243 verbose parsed url   port: null,
243 verbose parsed url   hostname: null,
243 verbose parsed url   hash: null,
243 verbose parsed url   search: null,
243 verbose parsed url   query: null,
243 verbose parsed url   pathname: '^1.0.0',
243 verbose parsed url   path: '^1.0.0',
243 verbose parsed url   href: '^1.0.0' }
244 verbose addNamed [ 'jshint-stylish', '^1.0.0' ]
245 verbose addNamed [ null, '>=1.0.0-0 <2.0.0-0' ]
246 silly lockFile 522e2e8d-jshint-stylish-1-0-0 jshint-stylish@^1.0.0
247 verbose lock jshint-stylish@^1.0.0 /home/cabox/.npm/522e2e8d-jshint-stylish-1-0-0.lock
248 verbose cache add [ 'time-grunt@^1.0.0', null ]
249 verbose cache add name=undefined spec="time-grunt@^1.0.0" args=["time-grunt@^1.0.0",null]
250 verbose parsed url { protocol: null,
250 verbose parsed url   slashes: null,
250 verbose parsed url   auth: null,
250 verbose parsed url   host: null,
250 verbose parsed url   port: null,
250 verbose parsed url   hostname: null,
250 verbose parsed url   hash: null,
250 verbose parsed url   search: null,
250 verbose parsed url   query: null,
250 verbose parsed url   pathname: 'time-grunt@^1.0.0',
250 verbose parsed url   path: 'time-grunt@^1.0.0',
250 verbose parsed url   href: 'time-grunt@^1.0.0' }
251 verbose cache add name="time-grunt" spec="^1.0.0" args=["time-grunt","^1.0.0"]
252 verbose parsed url { protocol: null,
252 verbose parsed url   slashes: null,
252 verbose parsed url   auth: null,
252 verbose parsed url   host: null,
252 verbose parsed url   port: null,
252 verbose parsed url   hostname: null,
252 verbose parsed url   hash: null,
252 verbose parsed url   search: null,
252 verbose parsed url   query: null,
252 verbose parsed url   pathname: '^1.0.0',
252 verbose parsed url   path: '^1.0.0',
252 verbose parsed url   href: '^1.0.0' }
253 verbose addNamed [ 'time-grunt', '^1.0.0' ]
254 verbose addNamed [ null, '>=1.0.0-0 <2.0.0-0' ]
255 silly lockFile 5ddae01b-time-grunt-1-0-0 time-grunt@^1.0.0
256 verbose lock time-grunt@^1.0.0 /home/cabox/.npm/5ddae01b-time-grunt-1-0-0.lock
257 silly addNameRange { name: 'grunt-contrib-clean',
257 silly addNameRange   range: '>=0.6.0-0 <0.7.0-0',
257 silly addNameRange   hasData: false }
258 verbose url raw grunt
259 verbose url resolving [ 'https://registry.npmjs.org/', './grunt' ]
260 verbose url resolved https://registry.npmjs.org/grunt
261 info trying registry request attempt 1 at 05:43:48
262 http GET https://registry.npmjs.org/grunt
263 verbose url raw grunt-angular-file-loader
264 verbose url resolving [ 'https://registry.npmjs.org/', './grunt-angular-file-loader' ]
265 verbose url resolved https://registry.npmjs.org/grunt-angular-file-loader
266 info trying registry request attempt 1 at 05:43:48
267 http GET https://registry.npmjs.org/grunt-angular-file-loader
268 verbose url raw grunt-autoprefixer
269 verbose url resolving [ 'https://registry.npmjs.org/', './grunt-autoprefixer' ]
270 verbose url resolved https://registry.npmjs.org/grunt-autoprefixer
271 info trying registry request attempt 1 at 05:43:48
272 http GET https://registry.npmjs.org/grunt-autoprefixer
273 verbose url raw grunt-angular-templates
274 verbose url resolving [ 'https://registry.npmjs.org/', './grunt-angular-templates' ]
275 verbose url resolved https://registry.npmjs.org/grunt-angular-templates
276 info trying registry request attempt 1 at 05:43:48
277 http GET https://registry.npmjs.org/grunt-angular-templates
278 verbose url raw grunt-concurrent
279 verbose url resolving [ 'https://registry.npmjs.org/', './grunt-concurrent' ]
280 verbose url resolved https://registry.npmjs.org/grunt-concurrent
281 info trying registry request attempt 1 at 05:43:48
282 http GET https://registry.npmjs.org/grunt-concurrent
283 verbose url raw grunt-connect-proxy
284 verbose url resolving [ 'https://registry.npmjs.org/', './grunt-connect-proxy' ]
285 verbose url resolved https://registry.npmjs.org/grunt-connect-proxy
286 info trying registry request attempt 1 at 05:43:48
287 http GET https://registry.npmjs.org/grunt-connect-proxy
288 silly addNameRange { name: 'grunt-contrib-compass',
288 silly addNameRange   range: '>=1.0.0-0 <2.0.0-0',
288 silly addNameRange   hasData: false }
289 silly addNameRange { name: 'grunt-contrib-concat',
289 silly addNameRange   range: '>=0.5.0-0 <0.6.0-0',
289 silly addNameRange   hasData: false }
290 silly addNameRange { name: 'grunt-contrib-connect',
290 silly addNameRange   range: '>=0.9.0-0 <0.10.0-0',
290 silly addNameRange   hasData: false }
291 silly addNameRange { name: 'grunt-contrib-copy',
291 silly addNameRange   range: '>=0.7.0-0 <0.8.0-0',
291 silly addNameRange   hasData: false }
292 silly addNameRange { name: 'grunt-contrib-cssmin',
292 silly addNameRange   range: '>=0.12.0-0 <0.13.0-0',
292 silly addNameRange   hasData: false }
293 silly addNameRange { name: 'grunt-contrib-htmlmin',
293 silly addNameRange   range: '>=0.4.0-0 <0.5.0-0',
293 silly addNameRange   hasData: false }
294 verbose url raw grunt-contrib-clean
295 verbose url resolving [ 'https://registry.npmjs.org/', './grunt-contrib-clean' ]
296 verbose url resolved https://registry.npmjs.org/grunt-contrib-clean
297 info trying registry request attempt 1 at 05:43:48
298 http GET https://registry.npmjs.org/grunt-contrib-clean
299 verbose url raw grunt-contrib-compass
300 verbose url resolving [ 'https://registry.npmjs.org/', './grunt-contrib-compass' ]
301 verbose url resolved https://registry.npmjs.org/grunt-contrib-compass
302 info trying registry request attempt 1 at 05:43:48
303 http GET https://registry.npmjs.org/grunt-contrib-compass
304 verbose url raw grunt-contrib-concat
305 verbose url resolving [ 'https://registry.npmjs.org/', './grunt-contrib-concat' ]
306 verbose url resolved https://registry.npmjs.org/grunt-contrib-concat
307 info trying registry request attempt 1 at 05:43:48
308 http GET https://registry.npmjs.org/grunt-contrib-concat
309 verbose url raw grunt-contrib-connect
310 verbose url resolving [ 'https://registry.npmjs.org/', './grunt-contrib-connect' ]
311 verbose url resolved https://registry.npmjs.org/grunt-contrib-connect
312 info trying registry request attempt 1 at 05:43:48
313 http GET https://registry.npmjs.org/grunt-contrib-connect
314 verbose url raw grunt-contrib-copy
315 verbose url resolving [ 'https://registry.npmjs.org/', './grunt-contrib-copy' ]
316 verbose url resolved https://registry.npmjs.org/grunt-contrib-copy
317 info trying registry request attempt 1 at 05:43:48
318 http GET https://registry.npmjs.org/grunt-contrib-copy
319 verbose url raw grunt-contrib-cssmin
320 verbose url resolving [ 'https://registry.npmjs.org/', './grunt-contrib-cssmin' ]
321 verbose url resolved https://registry.npmjs.org/grunt-contrib-cssmin
322 info trying registry request attempt 1 at 05:43:48
323 http GET https://registry.npmjs.org/grunt-contrib-cssmin
324 silly addNameRange { name: 'grunt-contrib-imagemin',
324 silly addNameRange   range: '>=0.9.2-0 <0.10.0-0',
324 silly addNameRange   hasData: false }
325 silly addNameRange { name: 'grunt-contrib-jshint',
325 silly addNameRange   range: '>=0.11.0-0 <0.12.0-0',
325 silly addNameRange   hasData: false }
326 silly addNameRange { name: 'grunt-contrib-uglify',
326 silly addNameRange   range: '>=0.7.0-0 <0.8.0-0',
326 silly addNameRange   hasData: false }
327 silly addNameRange { name: 'grunt-contrib-watch',
327 silly addNameRange   range: '>=0.6.1-0 <0.7.0-0',
327 silly addNameRange   hasData: false }
328 silly addNameRange { name: 'grunt-filerev',
328 silly addNameRange   range: '>=2.1.2-0 <3.0.0-0',
328 silly addNameRange   hasData: false }
329 silly addNameRange { name: 'grunt-google-cdn',
329 silly addNameRange   range: '>=0.4.3-0 <0.5.0-0',
329 silly addNameRange   hasData: false }
330 silly addNameRange { name: 'grunt-newer',
330 silly addNameRange   range: '>=1.1.0-0 <2.0.0-0',
330 silly addNameRange   hasData: false }
331 silly addNameRange { name: 'grunt-ng-annotate',
331 silly addNameRange   range: '>=0.9.2-0 <0.10.0-0',
331 silly addNameRange   hasData: false }
332 silly addNameRange { name: 'grunt-svgmin',
332 silly addNameRange   range: '>=2.0.0-0 <3.0.0-0',
332 silly addNameRange   hasData: false }
333 silly addNameRange { name: 'grunt-usemin',
333 silly addNameRange   range: '>=3.0.0-0 <4.0.0-0',
333 silly addNameRange   hasData: false }
334 silly addNameRange { name: 'grunt-wiredep',
334 silly addNameRange   range: '>=2.0.0-0 <3.0.0-0',
334 silly addNameRange   hasData: false }
335 silly addNameRange { name: 'jit-grunt',
335 silly addNameRange   range: '>=0.9.1-0 <0.10.0-0',
335 silly addNameRange   hasData: false }
336 silly addNameRange { name: 'jshint-stylish',
336 silly addNameRange   range: '>=1.0.0-0 <2.0.0-0',
336 silly addNameRange   hasData: false }
337 silly addNameRange { name: 'time-grunt',
337 silly addNameRange   range: '>=1.0.0-0 <2.0.0-0',
337 silly addNameRange   hasData: false }
338 verbose url raw grunt-contrib-htmlmin
339 verbose url resolving [ 'https://registry.npmjs.org/', './grunt-contrib-htmlmin' ]
340 verbose url resolved https://registry.npmjs.org/grunt-contrib-htmlmin
341 info trying registry request attempt 1 at 05:43:48
342 http GET https://registry.npmjs.org/grunt-contrib-htmlmin
343 verbose url raw grunt-contrib-imagemin
344 verbose url resolving [ 'https://registry.npmjs.org/', './grunt-contrib-imagemin' ]
345 verbose url resolved https://registry.npmjs.org/grunt-contrib-imagemin
346 info trying registry request attempt 1 at 05:43:48
347 http GET https://registry.npmjs.org/grunt-contrib-imagemin
348 verbose url raw grunt-contrib-jshint
349 verbose url resolving [ 'https://registry.npmjs.org/', './grunt-contrib-jshint' ]
350 verbose url resolved https://registry.npmjs.org/grunt-contrib-jshint
351 info trying registry request attempt 1 at 05:43:48
352 http GET https://registry.npmjs.org/grunt-contrib-jshint
353 verbose url raw grunt-contrib-uglify
354 verbose url resolving [ 'https://registry.npmjs.org/', './grunt-contrib-uglify' ]
355 verbose url resolved https://registry.npmjs.org/grunt-contrib-uglify
356 info trying registry request attempt 1 at 05:43:48
357 http GET https://registry.npmjs.org/grunt-contrib-uglify
358 verbose url raw grunt-contrib-watch
359 verbose url resolving [ 'https://registry.npmjs.org/', './grunt-contrib-watch' ]
360 verbose url resolved https://registry.npmjs.org/grunt-contrib-watch
361 info trying registry request attempt 1 at 05:43:48
362 http GET https://registry.npmjs.org/grunt-contrib-watch
363 verbose url raw grunt-filerev
364 verbose url resolving [ 'https://registry.npmjs.org/', './grunt-filerev' ]
365 verbose url resolved https://registry.npmjs.org/grunt-filerev
366 info trying registry request attempt 1 at 05:43:48
367 http GET https://registry.npmjs.org/grunt-filerev
368 verbose url raw grunt-google-cdn
369 verbose url resolving [ 'https://registry.npmjs.org/', './grunt-google-cdn' ]
370 verbose url resolved https://registry.npmjs.org/grunt-google-cdn
371 info trying registry request attempt 1 at 05:43:48
372 http GET https://registry.npmjs.org/grunt-google-cdn
373 verbose url raw grunt-newer
374 verbose url resolving [ 'https://registry.npmjs.org/', './grunt-newer' ]
375 verbose url resolved https://registry.npmjs.org/grunt-newer
376 info trying registry request attempt 1 at 05:43:48
377 http GET https://registry.npmjs.org/grunt-newer
378 verbose url raw grunt-ng-annotate
379 verbose url resolving [ 'https://registry.npmjs.org/', './grunt-ng-annotate' ]
380 verbose url resolved https://registry.npmjs.org/grunt-ng-annotate
381 info trying registry request attempt 1 at 05:43:48
382 http GET https://registry.npmjs.org/grunt-ng-annotate
383 verbose url raw grunt-svgmin
384 verbose url resolving [ 'https://registry.npmjs.org/', './grunt-svgmin' ]
385 verbose url resolved https://registry.npmjs.org/grunt-svgmin
386 info trying registry request attempt 1 at 05:43:48
387 http GET https://registry.npmjs.org/grunt-svgmin
388 verbose url raw grunt-usemin
389 verbose url resolving [ 'https://registry.npmjs.org/', './grunt-usemin' ]
390 verbose url resolved https://registry.npmjs.org/grunt-usemin
391 info trying registry request attempt 1 at 05:43:48
392 http GET https://registry.npmjs.org/grunt-usemin
393 verbose url raw grunt-wiredep
394 verbose url resolving [ 'https://registry.npmjs.org/', './grunt-wiredep' ]
395 verbose url resolved https://registry.npmjs.org/grunt-wiredep
396 info trying registry request attempt 1 at 05:43:48
397 http GET https://registry.npmjs.org/grunt-wiredep
398 verbose url raw jit-grunt
399 verbose url resolving [ 'https://registry.npmjs.org/', './jit-grunt' ]
400 verbose url resolved https://registry.npmjs.org/jit-grunt
401 info trying registry request attempt 1 at 05:43:48
402 http GET https://registry.npmjs.org/jit-grunt
403 verbose url raw jshint-stylish
404 verbose url resolving [ 'https://registry.npmjs.org/', './jshint-stylish' ]
405 verbose url resolved https://registry.npmjs.org/jshint-stylish
406 info trying registry request attempt 1 at 05:43:48
407 http GET https://registry.npmjs.org/jshint-stylish
408 verbose url raw time-grunt
409 verbose url resolving [ 'https://registry.npmjs.org/', './time-grunt' ]
410 verbose url resolved https://registry.npmjs.org/time-grunt
411 info trying registry request attempt 1 at 05:43:48
412 http GET https://registry.npmjs.org/time-grunt
413 http 200 https://registry.npmjs.org/grunt
414 silly registry.get cb [ 200,
414 silly registry.get   { server: 'CouchDB/1.5.0 (Erlang OTP/R16B03)',
414 silly registry.get     etag: '"606W2RDJXUMUALQGC69IDX7GJ"',
414 silly registry.get     'content-type': 'application/json',
414 silly registry.get     'cache-control': 'max-age=60',
414 silly registry.get     'content-length': '90737',
414 silly registry.get     'accept-ranges': 'bytes',
414 silly registry.get     date: 'Thu, 26 Nov 2015 10:43:48 GMT',
414 silly registry.get     via: '1.1 varnish',
414 silly registry.get     age: '48',
414 silly registry.get     connection: 'keep-alive',
414 silly registry.get     'x-served-by': 'cache-lax1425-LAX',
414 silly registry.get     'x-cache': 'HIT',
414 silly registry.get     'x-cache-hits': '1',
414 silly registry.get     'x-timer': 'S1448534628.747224,VS0,VE0',
414 silly registry.get     vary: 'Accept' } ]
415 http 200 https://registry.npmjs.org/grunt-connect-proxy
416 silly registry.get cb [ 200,
416 silly registry.get   { server: 'CouchDB/1.5.0 (Erlang OTP/R16B03)',
416 silly registry.get     etag: '"7T50PU98TPZQ42R96XNXOH3P0"',
416 silly registry.get     'content-type': 'application/json',
416 silly registry.get     'cache-control': 'max-age=60',
416 silly registry.get     'content-length': '24699',
416 silly registry.get     'accept-ranges': 'bytes',
416 silly registry.get     date: 'Thu, 26 Nov 2015 10:43:48 GMT',
416 silly registry.get     via: '1.1 varnish',
416 silly registry.get     age: '48',
416 silly registry.get     connection: 'keep-alive',
416 silly registry.get     'x-served-by': 'cache-lax1425-LAX',
416 silly registry.get     'x-cache': 'HIT',
416 silly registry.get     'x-cache-hits': '1',
416 silly registry.get     'x-timer': 'S1448534628.796331,VS0,VE0',
416 silly registry.get     vary: 'Accept' } ]
417 silly addNameRange number 2 { name: 'grunt', range: '>=0.4.5-0 <0.5.0-0', hasData: true }
418 silly addNameRange versions [ 'grunt',
418 silly addNameRange   [ '0.1.0',
418 silly addNameRange     '0.1.1',
418 silly addNameRange     '0.1.2',
418 silly addNameRange     '0.2.0',
418 silly addNameRange     '0.2.1',
418 silly addNameRange     '0.2.2',
418 silly addNameRange     '0.2.3',
418 silly addNameRange     '0.2.4',
418 silly addNameRange     '0.2.5',
418 silly addNameRange     '0.2.6',
418 silly addNameRange     '0.2.7',
418 silly addNameRange     '0.2.8',
418 silly addNameRange     '0.2.9',
418 silly addNameRange     '0.2.10',
418 silly addNameRange     '0.2.11',
418 silly addNameRange     '0.2.12',
418 silly addNameRange     '0.2.13',
418 silly addNameRange     '0.2.14',
418 silly addNameRange     '0.2.15',
418 silly addNameRange     '0.3.0',
418 silly addNameRange     '0.3.1',
418 silly addNameRange     '0.3.2',
418 silly addNameRange     '0.3.3',
418 silly addNameRange     '0.3.4',
418 silly addNameRange     '0.3.5',
418 silly addNameRange     '0.3.6',
418 silly addNameRange     '0.3.7',
418 silly addNameRange     '0.3.8',
418 silly addNameRange     '0.3.9',
418 silly addNameRange     '0.3.10',
418 silly addNameRange     '0.3.11',
418 silly addNameRange     '0.3.12',
418 silly addNameRange     '0.3.13',
418 silly addNameRange     '0.3.14',
418 silly addNameRange     '0.3.15',
418 silly addNameRange     '0.3.16',
418 silly addNameRange     '0.3.17',
418 silly addNameRange     '0.4.0',
418 silly addNameRange     '0.4.1',
418 silly addNameRange     '0.4.2',
418 silly addNameRange     '0.4.3',
418 silly addNameRange     '0.4.4',
418 silly addNameRange     '0.4.5',
418 silly addNameRange     '0.3.13-a',
418 silly addNameRange     '0.4.0-a',
418 silly addNameRange     '0.4.0-rc1',
418 silly addNameRange     '0.4.0-rc2',
418 silly addNameRange     '0.4.0-rc3',
418 silly addNameRange     '0.4.0-rc4',
418 silly addNameRange     '0.4.0-rc5',
418 silly addNameRange     '0.4.0-rc6',
418 silly addNameRange     '0.4.0-rc7',
418 silly addNameRange     '0.4.0-rc8' ] ]
419 verbose addNamed [ 'grunt', '0.4.5' ]
420 verbose addNamed [ '0.4.5', '0.4.5' ]
421 silly lockFile 81abf7ad-grunt-0-4-5 grunt@0.4.5
422 verbose lock grunt@0.4.5 /home/cabox/.npm/81abf7ad-grunt-0-4-5.lock
423 silly addNameRange number 2 { name: 'grunt-connect-proxy',
423 silly addNameRange   range: '>=0.2.0-0 <0.3.0-0',
423 silly addNameRange   hasData: true }
424 silly addNameRange versions [ 'grunt-connect-proxy',
424 silly addNameRange   [ '0.1.0',
424 silly addNameRange     '0.1.1',
424 silly addNameRange     '0.1.2',
424 silly addNameRange     '0.1.3',
424 silly addNameRange     '0.1.4',
424 silly addNameRange     '0.1.5',
424 silly addNameRange     '0.1.6',
424 silly addNameRange     '0.1.7',
424 silly addNameRange     '0.1.8',
424 silly addNameRange     '0.1.10',
424 silly addNameRange     '0.1.11',
424 silly addNameRange     '0.2.0' ] ]
425 verbose addNamed [ 'grunt-connect-proxy', '0.2.0' ]
426 verbose addNamed [ '0.2.0', '0.2.0' ]
427 silly lockFile 7831323f-grunt-connect-proxy-0-2-0 grunt-connect-proxy@0.2.0
428 verbose lock grunt-connect-proxy@0.2.0 /home/cabox/.npm/7831323f-grunt-connect-proxy-0-2-0.lock
429 http 200 https://registry.npmjs.org/grunt-concurrent
430 silly registry.get cb [ 200,
430 silly registry.get   { server: 'CouchDB/1.5.0 (Erlang OTP/R16B03)',
430 silly registry.get     etag: '"6LKSEUGBOLU5YKDC0451YORBH"',
430 silly registry.get     'content-type': 'application/json',
430 silly registry.get     'cache-control': 'max-age=60',
430 silly registry.get     'content-length': '27444',
430 silly registry.get     'accept-ranges': 'bytes',
430 silly registry.get     date: 'Thu, 26 Nov 2015 10:43:48 GMT',
430 silly registry.get     via: '1.1 varnish',
430 silly registry.get     age: '0',
430 silly registry.get     connection: 'keep-alive',
430 silly registry.get     'x-served-by': 'cache-sjc3132-SJC',
430 silly registry.get     'x-cache': 'HIT',
430 silly registry.get     'x-cache-hits': '1',
430 silly registry.get     'x-timer': 'S1448534628.723609,VS0,VE86',
430 silly registry.get     vary: 'Accept' } ]
431 silly lockFile ea6cf2d1--npmjs-org-grunt-grunt-0-4-5-tgz https://registry.npmjs.org/grunt/-/grunt-0.4.5.tgz
432 verbose lock https://registry.npmjs.org/grunt/-/grunt-0.4.5.tgz /home/cabox/.npm/ea6cf2d1--npmjs-org-grunt-grunt-0-4-5-tgz.lock
433 http 200 https://registry.npmjs.org/grunt-contrib-clean
434 silly registry.get cb [ 200,
434 silly registry.get   { server: 'CouchDB/1.5.0 (Erlang OTP/R16B03)',
434 silly registry.get     etag: '"6OG9XPQMRTYZ0Q27R2RK7CMHL"',
434 silly registry.get     'content-type': 'application/json',
434 silly registry.get     'cache-control': 'max-age=60',
434 silly registry.get     'content-length': '26055',
434 silly registry.get     'accept-ranges': 'bytes',
434 silly registry.get     date: 'Thu, 26 Nov 2015 10:43:48 GMT',
434 silly registry.get     via: '1.1 varnish',
434 silly registry.get     age: '48',
434 silly registry.get     connection: 'keep-alive',
434 silly registry.get     'x-served-by': 'cache-lax1425-LAX',
434 silly registry.get     'x-cache': 'HIT',
434 silly registry.get     'x-cache-hits': '1',
434 silly registry.get     'x-timer': 'S1448534628.814539,VS0,VE0',
434 silly registry.get     vary: 'Accept' } ]
435 silly lockFile 83046ece-xy-grunt-connect-proxy-0-2-0-tgz https://registry.npmjs.org/grunt-connect-proxy/-/grunt-connect-proxy-0.2.0.tgz
436 verbose lock https://registry.npmjs.org/grunt-connect-proxy/-/grunt-connect-proxy-0.2.0.tgz /home/cabox/.npm/83046ece-xy-grunt-connect-proxy-0-2-0-tgz.lock
437 http 200 https://registry.npmjs.org/grunt-angular-file-loader
438 silly registry.get cb [ 200,
438 silly registry.get   { server: 'CouchDB/1.5.0 (Erlang OTP/R16B03)',
438 silly registry.get     etag: '"P56J8M07I4RTSABSVNO0YOS4"',
438 silly registry.get     'content-type': 'application/json',
438 silly registry.get     'cache-control': 'max-age=60',
438 silly registry.get     'content-length': '24444',
438 silly registry.get     'accept-ranges': 'bytes',
438 silly registry.get     date: 'Thu, 26 Nov 2015 10:43:48 GMT',
438 silly registry.get     via: '1.1 varnish',
438 silly registry.get     age: '0',
438 silly registry.get     connection: 'keep-alive',
438 silly registry.get     'x-served-by': 'cache-sjc3129-SJC',
438 silly registry.get     'x-cache': 'MISS',
438 silly registry.get     'x-cache-hits': '0',
438 silly registry.get     'x-timer': 'S1448534628.749849,VS0,VE81',
438 silly registry.get     vary: 'Accept' } ]
439 verbose addRemoteTarball [ 'https://registry.npmjs.org/grunt/-/grunt-0.4.5.tgz',
439 verbose addRemoteTarball   '56937cd5194324adff6d207631832a9d6ba4e7f0' ]
440 verbose addRemoteTarball [ 'https://registry.npmjs.org/grunt-connect-proxy/-/grunt-connect-proxy-0.2.0.tgz',
440 verbose addRemoteTarball   '5d4ce827b55080a8f5d55360c80f4ab5626f46f8' ]
441 silly lockFile ea6cf2d1--npmjs-org-grunt-grunt-0-4-5-tgz https://registry.npmjs.org/grunt/-/grunt-0.4.5.tgz
442 silly lockFile ea6cf2d1--npmjs-org-grunt-grunt-0-4-5-tgz https://registry.npmjs.org/grunt/-/grunt-0.4.5.tgz
443 silly lockFile 81abf7ad-grunt-0-4-5 grunt@0.4.5
444 silly lockFile 81abf7ad-grunt-0-4-5 grunt@0.4.5
445 silly lockFile 83046ece-xy-grunt-connect-proxy-0-2-0-tgz https://registry.npmjs.org/grunt-connect-proxy/-/grunt-connect-proxy-0.2.0.tgz
446 silly lockFile 83046ece-xy-grunt-connect-proxy-0-2-0-tgz https://registry.npmjs.org/grunt-connect-proxy/-/grunt-connect-proxy-0.2.0.tgz
447 silly addNameRange number 2 { name: 'grunt-concurrent',
447 silly addNameRange   range: '>=1.0.0-0 <2.0.0-0',
447 silly addNameRange   hasData: true }
448 silly addNameRange versions [ 'grunt-concurrent',
448 silly addNameRange   [ '0.1.0',
448 silly addNameRange     '0.1.1',
448 silly addNameRange     '0.2.0',
448 silly addNameRange     '0.3.0',
448 silly addNameRange     '0.3.1',
448 silly addNameRange     '0.4.0',
448 silly addNameRange     '0.4.1',
448 silly addNameRange     '0.4.2',
448 silly addNameRange     '0.4.3',
448 silly addNameRange     '0.5.0',
448 silly addNameRange     '1.0.0',
448 silly addNameRange     '1.0.1',
448 silly addNameRange     '2.0.0',
448 silly addNameRange     '2.0.1',
448 silly addNameRange     '2.0.2',
448 silly addNameRange     '2.0.3',
448 silly addNameRange     '2.0.4',
448 silly addNameRange     '2.1.0' ] ]
449 verbose addNamed [ 'grunt-concurrent', '1.0.1' ]
450 verbose addNamed [ '1.0.1', '1.0.1' ]
451 silly lockFile 38a26995-grunt-concurrent-1-0-1 grunt-concurrent@1.0.1
452 verbose lock grunt-concurrent@1.0.1 /home/cabox/.npm/38a26995-grunt-concurrent-1-0-1.lock
453 silly lockFile 73541f84-grunt-0-4-5 grunt@^0.4.5
454 silly lockFile 73541f84-grunt-0-4-5 grunt@^0.4.5
455 silly lockFile 7831323f-grunt-connect-proxy-0-2-0 grunt-connect-proxy@0.2.0
456 silly lockFile 7831323f-grunt-connect-proxy-0-2-0 grunt-connect-proxy@0.2.0
457 error Error: EACCES, mkdir '/home/cabox/tmp/npm-23019-FR2Ai20S'
457 error  { [Error: EACCES, mkdir '/home/cabox/tmp/npm-23019-FR2Ai20S']
457 error   errno: 3,
457 error   code: 'EACCES',
457 error   path: '/home/cabox/tmp/npm-23019-FR2Ai20S' }
458 error Please try running this command again as root/Administrator.
459 error System Linux 2.6.32-042stab112.15
460 error command "/usr/bin/nodejs" "/usr/bin/npm" "install"
461 error cwd /home/cabox/workspace/webapp
462 error node -v v0.10.25
463 error npm -v 1.3.10
464 error path /home/cabox/tmp/npm-23019-FR2Ai20S
465 error code EACCES
466 error errno 3
467 error stack Error: EACCES, mkdir '/home/cabox/tmp/npm-23019-FR2Ai20S'
468 verbose exit [ 3, true ]
